CRITICAL - 2022-12-29 06:37:53 --> unlink(images/logo.png): Resource temporarily unavailable
in APPPATH\Controllers\Configuracion.php on line 109.
 1 [internal function]: CodeIgniter\Debug\Exceptions->errorHandler(2, 'unlink(images/logo.png): Resource temporarily unavailable', 'APPPATH\\Controllers\\Configuracion.php', 109)
 2 APPPATH\Controllers\Configuracion.php(109): unlink('FCPATH\\images\\logo.png')
 3 SYSTEMPATH\CodeIgniter.php(927): App\Controllers\Configuracion->actualizar()
 4 SYSTEMPATH\CodeIgniter.php(482): CodeIgniter\CodeIgniter->runController(Object(App\Controllers\Configuracion))
 5 SYSTEMPATH\CodeIgniter.php(351): CodeIgniter\CodeIgniter->handleRequest(null, Object(Config\Cache), false)
 6 FCPATH\index.php(67): CodeIgniter\CodeIgniter->run()
CRITICAL - 2022-12-29 07:35:28 --> getimagesize(http://localhost/DP/public/images/LUFFYOP.jpg): Failed to open stream: HTTP request failed! HTTP/1.1 404 Not Found

in APPPATH\ThirdParty\fpdf\fpdf.php on line 1238.
 1 [internal function]: CodeIgniter\Debug\Exceptions->errorHandler(2, 'getimagesize(http://localhost/DP/public/images/LUFFYOP.jpg): Failed to open stream: HTTP request failed! HTTP/1.1 404 Not Found
', 'APPPATH\\ThirdParty\\fpdf\\fpdf.php', 1238)
 2 APPPATH\ThirdParty\fpdf\fpdf.php(1238): getimagesize('http://localhost/DP/public/images/LUFFYOP.jpg')
 3 APPPATH\ThirdParty\fpdf\fpdf.php(885): FPDF->_parsejpg('http://localhost/DP/public/images/LUFFYOP.jpg')
 4 APPPATH\Controllers\Productos.php(271): FPDF->Image('http://localhost/DP/public/images/LUFFYOP.jpg', 180, 10, 25, 25, 'jpg')
 5 SYSTEMPATH\CodeIgniter.php(927): App\Controllers\Productos->generaProductosPdf()
 6 SYSTEMPATH\CodeIgniter.php(482): CodeIgniter\CodeIgniter->runController(Object(App\Controllers\Productos))
 7 SYSTEMPATH\CodeIgniter.php(351): CodeIgniter\CodeIgniter->handleRequest(null, Object(Config\Cache), false)
 8 FCPATH\index.php(67): CodeIgniter\CodeIgniter->run()
CRITICAL - 2022-12-29 10:33:15 --> getimagesize(http://localhost/DP/public/images/LUFFYOP.jpg): Failed to open stream: HTTP request failed! HTTP/1.1 404 Not Found

in APPPATH\ThirdParty\fpdf\fpdf.php on line 1238.
 1 [internal function]: CodeIgniter\Debug\Exceptions->errorHandler(2, 'getimagesize(http://localhost/DP/public/images/LUFFYOP.jpg): Failed to open stream: HTTP request failed! HTTP/1.1 404 Not Found
', 'APPPATH\\ThirdParty\\fpdf\\fpdf.php', 1238)
 2 APPPATH\ThirdParty\fpdf\fpdf.php(1238): getimagesize('http://localhost/DP/public/images/LUFFYOP.jpg')
 3 APPPATH\ThirdParty\fpdf\fpdf.php(885): FPDF->_parsejpg('http://localhost/DP/public/images/LUFFYOP.jpg')
 4 APPPATH\Controllers\Productos.php(271): FPDF->Image('http://localhost/DP/public/images/LUFFYOP.jpg', 180, 10, 25, 25, 'jpg')
 5 SYSTEMPATH\CodeIgniter.php(927): App\Controllers\Productos->generaProductosPdf()
 6 SYSTEMPATH\CodeIgniter.php(482): CodeIgniter\CodeIgniter->runController(Object(App\Controllers\Productos))
 7 SYSTEMPATH\CodeIgniter.php(351): CodeIgniter\CodeIgniter->handleRequest(null, Object(Config\Cache), false)
 8 FCPATH\index.php(67): CodeIgniter\CodeIgniter->run()
CRITICAL - 2022-12-29 10:33:29 --> getimagesize(http://localhost/DP/public/images/LUFFYOP.jpg): Failed to open stream: HTTP request failed! HTTP/1.1 404 Not Found

in APPPATH\ThirdParty\fpdf\fpdf.php on line 1238.
 1 [internal function]: CodeIgniter\Debug\Exceptions->errorHandler(2, 'getimagesize(http://localhost/DP/public/images/LUFFYOP.jpg): Failed to open stream: HTTP request failed! HTTP/1.1 404 Not Found
', 'APPPATH\\ThirdParty\\fpdf\\fpdf.php', 1238)
 2 APPPATH\ThirdParty\fpdf\fpdf.php(1238): getimagesize('http://localhost/DP/public/images/LUFFYOP.jpg')
 3 APPPATH\ThirdParty\fpdf\fpdf.php(885): FPDF->_parsejpg('http://localhost/DP/public/images/LUFFYOP.jpg')
 4 APPPATH\Controllers\Productos.php(271): FPDF->Image('http://localhost/DP/public/images/LUFFYOP.jpg', 180, 10, 25, 25, 'jpg')
 5 SYSTEMPATH\CodeIgniter.php(927): App\Controllers\Productos->generaProductosPdf()
 6 SYSTEMPATH\CodeIgniter.php(482): CodeIgniter\CodeIgniter->runController(Object(App\Controllers\Productos))
 7 SYSTEMPATH\CodeIgniter.php(351): CodeIgniter\CodeIgniter->handleRequest(null, Object(Config\Cache), false)
 8 FCPATH\index.php(67): CodeIgniter\CodeIgniter->run()
CRITICAL - 2022-12-29 17:08:28 --> getimagesize(http://localhost/DP/public/images/logo.jpg): Failed to open stream: HTTP request failed! HTTP/1.1 404 Not Found

in APPPATH\ThirdParty\fpdf\fpdf.php on line 1238.
 1 [internal function]: CodeIgniter\Debug\Exceptions->errorHandler(2, 'getimagesize(http://localhost/DP/public/images/logo.jpg): Failed to open stream: HTTP request failed! HTTP/1.1 404 Not Found
', 'APPPATH\\ThirdParty\\fpdf\\fpdf.php', 1238)
 2 APPPATH\ThirdParty\fpdf\fpdf.php(1238): getimagesize('http://localhost/DP/public/images/logo.jpg')
 3 APPPATH\ThirdParty\fpdf\fpdf.php(885): FPDF->_parsejpg('http://localhost/DP/public/images/logo.jpg')
 4 APPPATH\Controllers\Productos.php(265): FPDF->Image('http://localhost/DP/public/images/logo.jpg', 180, 10, 25, 25, 'jpg')
 5 SYSTEMPATH\CodeIgniter.php(927): App\Controllers\Productos->generaProductosPdf()
 6 SYSTEMPATH\CodeIgniter.php(482): CodeIgniter\CodeIgniter->runController(Object(App\Controllers\Productos))
 7 SYSTEMPATH\CodeIgniter.php(351): CodeIgniter\CodeIgniter->handleRequest(null, Object(Config\Cache), false)
 8 FCPATH\index.php(67): CodeIgniter\CodeIgniter->run()
CRITICAL - 2022-12-29 20:20:08 --> syntax error, unexpected token "}"
in APPPATH\Controllers\Productos.php on line 243.
 1 SYSTEMPATH\Router\Router.php(499): CodeIgniter\Router\AutoRouter->getRoute('productos')
 2 SYSTEMPATH\Router\Router.php(205): CodeIgniter\Router\Router->autoRoute('productos')
 3 SYSTEMPATH\CodeIgniter.php(802): CodeIgniter\Router\Router->handle('productos')
 4 SYSTEMPATH\CodeIgniter.php(430): CodeIgniter\CodeIgniter->tryToRouteIt(Object(CodeIgniter\Router\RouteCollection))
 5 SYSTEMPATH\CodeIgniter.php(351): CodeIgniter\CodeIgniter->handleRequest(null, Object(Config\Cache), false)
 6 FCPATH\index.php(67): CodeIgniter\CodeIgniter->run()
CRITICAL - 2022-12-29 20:20:35 --> syntax error, unexpected token "}"
in APPPATH\Controllers\Productos.php on line 243.
 1 SYSTEMPATH\Router\Router.php(499): CodeIgniter\Router\AutoRouter->getRoute('productos')
 2 SYSTEMPATH\Router\Router.php(205): CodeIgniter\Router\Router->autoRoute('productos')
 3 SYSTEMPATH\CodeIgniter.php(802): CodeIgniter\Router\Router->handle('productos')
 4 SYSTEMPATH\CodeIgniter.php(430): CodeIgniter\CodeIgniter->tryToRouteIt(Object(CodeIgniter\Router\RouteCollection))
 5 SYSTEMPATH\CodeIgniter.php(351): CodeIgniter\CodeIgniter->handleRequest(null, Object(Config\Cache), false)
 6 FCPATH\index.php(67): CodeIgniter\CodeIgniter->run()
CRITICAL - 2022-12-29 20:26:18 --> Class "Barcode" not found
in APPPATH\Controllers\Productos.php on line 240.
 1 SYSTEMPATH\CodeIgniter.php(927): App\Controllers\Productos->generaBarras()
 2 SYSTEMPATH\CodeIgniter.php(482): CodeIgniter\CodeIgniter->runController(Object(App\Controllers\Productos))
 3 SYSTEMPATH\CodeIgniter.php(351): CodeIgniter\CodeIgniter->handleRequest(null, Object(Config\Cache), false)
 4 FCPATH\index.php(67): CodeIgniter\CodeIgniter->run()
CRITICAL - 2022-12-29 20:26:48 --> Class "Barcode" not found
in APPPATH\Controllers\Productos.php on line 240.
 1 SYSTEMPATH\CodeIgniter.php(927): App\Controllers\Productos->generaBarras()
 2 SYSTEMPATH\CodeIgniter.php(482): CodeIgniter\CodeIgniter->runController(Object(App\Controllers\Productos))
 3 SYSTEMPATH\CodeIgniter.php(351): CodeIgniter\CodeIgniter->handleRequest(null, Object(Config\Cache), false)
 4 FCPATH\index.php(67): CodeIgniter\CodeIgniter->run()
CRITICAL - 2022-12-29 20:28:15 --> syntax error, unexpected token "}"
in APPPATH\Controllers\Productos.php on line 243.
 1 SYSTEMPATH\Router\Router.php(499): CodeIgniter\Router\AutoRouter->getRoute('productos')
 2 SYSTEMPATH\Router\Router.php(205): CodeIgniter\Router\Router->autoRoute('productos')
 3 SYSTEMPATH\CodeIgniter.php(802): CodeIgniter\Router\Router->handle('productos')
 4 SYSTEMPATH\CodeIgniter.php(430): CodeIgniter\CodeIgniter->tryToRouteIt(Object(CodeIgniter\Router\RouteCollection))
 5 SYSTEMPATH\CodeIgniter.php(351): CodeIgniter\CodeIgniter->handleRequest(null, Object(Config\Cache), false)
 6 FCPATH\index.php(67): CodeIgniter\CodeIgniter->run()
CRITICAL - 2022-12-29 20:28:19 --> syntax error, unexpected token "}"
in APPPATH\Controllers\Productos.php on line 243.
 1 SYSTEMPATH\Router\Router.php(499): CodeIgniter\Router\AutoRouter->getRoute('productos')
 2 SYSTEMPATH\Router\Router.php(205): CodeIgniter\Router\Router->autoRoute('productos')
 3 SYSTEMPATH\CodeIgniter.php(802): CodeIgniter\Router\Router->handle('productos')
 4 SYSTEMPATH\CodeIgniter.php(430): CodeIgniter\CodeIgniter->tryToRouteIt(Object(CodeIgniter\Router\RouteCollection))
 5 SYSTEMPATH\CodeIgniter.php(351): CodeIgniter\CodeIgniter->handleRequest(null, Object(Config\Cache), false)
 6 FCPATH\index.php(67): CodeIgniter\CodeIgniter->run()
CRITICAL - 2022-12-29 20:28:40 --> Class "Barcode_genera" not found
in APPPATH\Controllers\Productos.php on line 240.
 1 SYSTEMPATH\CodeIgniter.php(927): App\Controllers\Productos->generaBarras()
 2 SYSTEMPATH\CodeIgniter.php(482): CodeIgniter\CodeIgniter->runController(Object(App\Controllers\Productos))
 3 SYSTEMPATH\CodeIgniter.php(351): CodeIgniter\CodeIgniter->handleRequest(null, Object(Config\Cache), false)
 4 FCPATH\index.php(67): CodeIgniter\CodeIgniter->run()
CRITICAL - 2022-12-29 20:29:45 --> Class "Barcode_genera" not found
in APPPATH\Controllers\Productos.php on line 240.
 1 SYSTEMPATH\CodeIgniter.php(927): App\Controllers\Productos->generaBarras()
 2 SYSTEMPATH\CodeIgniter.php(482): CodeIgniter\CodeIgniter->runController(Object(App\Controllers\Productos))
 3 SYSTEMPATH\CodeIgniter.php(351): CodeIgniter\CodeIgniter->handleRequest(null, Object(Config\Cache), false)
 4 FCPATH\index.php(67): CodeIgniter\CodeIgniter->run()
CRITICAL - 2022-12-29 20:29:49 --> Class "Barcode_genera" not found
in APPPATH\Controllers\Productos.php on line 240.
 1 SYSTEMPATH\CodeIgniter.php(927): App\Controllers\Productos->generaBarras()
 2 SYSTEMPATH\CodeIgniter.php(482): CodeIgniter\CodeIgniter->runController(Object(App\Controllers\Productos))
 3 SYSTEMPATH\CodeIgniter.php(351): CodeIgniter\CodeIgniter->handleRequest(null, Object(Config\Cache), false)
 4 FCPATH\index.php(67): CodeIgniter\CodeIgniter->run()
CRITICAL - 2022-12-29 20:30:03 --> Class "Barcode_genera" not found
in APPPATH\Controllers\Productos.php on line 240.
 1 SYSTEMPATH\CodeIgniter.php(927): App\Controllers\Productos->generaBarras()
 2 SYSTEMPATH\CodeIgniter.php(482): CodeIgniter\CodeIgniter->runController(Object(App\Controllers\Productos))
 3 SYSTEMPATH\CodeIgniter.php(351): CodeIgniter\CodeIgniter->handleRequest(null, Object(Config\Cache), false)
 4 FCPATH\index.php(67): CodeIgniter\CodeIgniter->run()
CRITICAL - 2022-12-29 20:32:46 --> Class "Barcode_genera" not found
in APPPATH\Controllers\Productos.php on line 240.
 1 SYSTEMPATH\CodeIgniter.php(927): App\Controllers\Productos->generaBarras()
 2 SYSTEMPATH\CodeIgniter.php(482): CodeIgniter\CodeIgniter->runController(Object(App\Controllers\Productos))
 3 SYSTEMPATH\CodeIgniter.php(351): CodeIgniter\CodeIgniter->handleRequest(null, Object(Config\Cache), false)
 4 FCPATH\index.php(67): CodeIgniter\CodeIgniter->run()
CRITICAL - 2022-12-29 20:33:41 --> Class "Barcode_genera" not found
in APPPATH\Controllers\Productos.php on line 240.
 1 SYSTEMPATH\CodeIgniter.php(927): App\Controllers\Productos->generaBarras()
 2 SYSTEMPATH\CodeIgniter.php(482): CodeIgniter\CodeIgniter->runController(Object(App\Controllers\Productos))
 3 SYSTEMPATH\CodeIgniter.php(351): CodeIgniter\CodeIgniter->handleRequest(null, Object(Config\Cache), false)
 4 FCPATH\index.php(67): CodeIgniter\CodeIgniter->run()
CRITICAL - 2022-12-29 20:35:28 --> Call to undefined function imagecreate()
in APPPATH\Libraries\barcode.php on line 113.
 1 APPPATH\Controllers\Productos.php(242): Barcode_genera->barcode('123456789.png', '1234567890', 20, 'horizontal', 'code39', true)
 2 SYSTEMPATH\CodeIgniter.php(927): App\Controllers\Productos->generaBarras()
 3 SYSTEMPATH\CodeIgniter.php(482): CodeIgniter\CodeIgniter->runController(Object(App\Controllers\Productos))
 4 SYSTEMPATH\CodeIgniter.php(351): CodeIgniter\CodeIgniter->handleRequest(null, Object(Config\Cache), false)
 5 FCPATH\index.php(67): CodeIgniter\CodeIgniter->run()
CRITICAL - 2022-12-29 20:35:52 --> Call to undefined function imagecreate()
in APPPATH\Libraries\barcode.php on line 113.
 1 APPPATH\Controllers\Productos.php(242): Barcode_genera->barcode('123456789.png', '1234567890', 20, 'horizontal', 'code39', true)
 2 SYSTEMPATH\CodeIgniter.php(927): App\Controllers\Productos->generaBarras()
 3 SYSTEMPATH\CodeIgniter.php(482): CodeIgniter\CodeIgniter->runController(Object(App\Controllers\Productos))
 4 SYSTEMPATH\CodeIgniter.php(351): CodeIgniter\CodeIgniter->handleRequest(null, Object(Config\Cache), false)
 5 FCPATH\index.php(67): CodeIgniter\CodeIgniter->run()
CRITICAL - 2022-12-29 20:36:47 --> Call to undefined function imagecolorallocate()
in APPPATH\Libraries\barcode.php on line 114.
 1 APPPATH\Controllers\Productos.php(242): Barcode_genera->barcode('123456789.png', '1234567890', 20, 'horizontal', 'code39', true)
 2 SYSTEMPATH\CodeIgniter.php(927): App\Controllers\Productos->generaBarras()
 3 SYSTEMPATH\CodeIgniter.php(482): CodeIgniter\CodeIgniter->runController(Object(App\Controllers\Productos))
 4 SYSTEMPATH\CodeIgniter.php(351): CodeIgniter\CodeIgniter->handleRequest(null, Object(Config\Cache), false)
 5 FCPATH\index.php(67): CodeIgniter\CodeIgniter->run()
CRITICAL - 2022-12-29 20:37:00 --> Call to undefined function imagecolorallocate()
in APPPATH\Libraries\barcode.php on line 115.
 1 APPPATH\Controllers\Productos.php(242): Barcode_genera->barcode('123456789.png', '1234567890', 20, 'horizontal', 'code39', true)
 2 SYSTEMPATH\CodeIgniter.php(927): App\Controllers\Productos->generaBarras()
 3 SYSTEMPATH\CodeIgniter.php(482): CodeIgniter\CodeIgniter->runController(Object(App\Controllers\Productos))
 4 SYSTEMPATH\CodeIgniter.php(351): CodeIgniter\CodeIgniter->handleRequest(null, Object(Config\Cache), false)
 5 FCPATH\index.php(67): CodeIgniter\CodeIgniter->run()
CRITICAL - 2022-12-29 20:37:10 --> Call to undefined function imagefill()
in APPPATH\Libraries\barcode.php on line 117.
 1 APPPATH\Controllers\Productos.php(242): Barcode_genera->barcode('123456789.png', '1234567890', 20, 'horizontal', 'code39', true)
 2 SYSTEMPATH\CodeIgniter.php(927): App\Controllers\Productos->generaBarras()
 3 SYSTEMPATH\CodeIgniter.php(482): CodeIgniter\CodeIgniter->runController(Object(App\Controllers\Productos))
 4 SYSTEMPATH\CodeIgniter.php(351): CodeIgniter\CodeIgniter->handleRequest(null, Object(Config\Cache), false)
 5 FCPATH\index.php(67): CodeIgniter\CodeIgniter->run()
CRITICAL - 2022-12-29 20:56:26 --> syntax error, unexpected variable "$this", expecting "function" or "const"
in APPPATH\Controllers\Productos.php on line 258.
 1 SYSTEMPATH\Router\Router.php(499): CodeIgniter\Router\AutoRouter->getRoute('productos')
 2 SYSTEMPATH\Router\Router.php(205): CodeIgniter\Router\Router->autoRoute('productos')
 3 SYSTEMPATH\CodeIgniter.php(802): CodeIgniter\Router\Router->handle('productos')
 4 SYSTEMPATH\CodeIgniter.php(430): CodeIgniter\CodeIgniter->tryToRouteIt(Object(CodeIgniter\Router\RouteCollection))
 5 SYSTEMPATH\CodeIgniter.php(351): CodeIgniter\CodeIgniter->handleRequest(null, Object(Config\Cache), false)
 6 FCPATH\index.php(67): CodeIgniter\CodeIgniter->run()
CRITICAL - 2022-12-29 20:56:30 --> syntax error, unexpected variable "$this", expecting "function" or "const"
in APPPATH\Controllers\Productos.php on line 258.
 1 SYSTEMPATH\Router\Router.php(499): CodeIgniter\Router\AutoRouter->getRoute('productos')
 2 SYSTEMPATH\Router\Router.php(205): CodeIgniter\Router\Router->autoRoute('productos')
 3 SYSTEMPATH\CodeIgniter.php(802): CodeIgniter\Router\Router->handle('productos')
 4 SYSTEMPATH\CodeIgniter.php(430): CodeIgniter\CodeIgniter->tryToRouteIt(Object(CodeIgniter\Router\RouteCollection))
 5 SYSTEMPATH\CodeIgniter.php(351): CodeIgniter\CodeIgniter->handleRequest(null, Object(Config\Cache), false)
 6 FCPATH\index.php(67): CodeIgniter\CodeIgniter->run()
CRITICAL - 2022-12-29 20:57:13 --> syntax error, unexpected variable "$this", expecting "function" or "const"
in APPPATH\Controllers\Productos.php on line 258.
 1 SYSTEMPATH\Router\Router.php(499): CodeIgniter\Router\AutoRouter->getRoute('productos')
 2 SYSTEMPATH\Router\Router.php(205): CodeIgniter\Router\Router->autoRoute('productos')
 3 SYSTEMPATH\CodeIgniter.php(802): CodeIgniter\Router\Router->handle('productos')
 4 SYSTEMPATH\CodeIgniter.php(430): CodeIgniter\CodeIgniter->tryToRouteIt(Object(CodeIgniter\Router\RouteCollection))
 5 SYSTEMPATH\CodeIgniter.php(351): CodeIgniter\CodeIgniter->handleRequest(null, Object(Config\Cache), false)
 6 FCPATH\index.php(67): CodeIgniter\CodeIgniter->run()
CRITICAL - 2022-12-29 20:57:50 --> syntax error, unexpected variable "$this", expecting "function" or "const"
in APPPATH\Controllers\Productos.php on line 261.
 1 SYSTEMPATH\Router\Router.php(499): CodeIgniter\Router\AutoRouter->getRoute('productos')
 2 SYSTEMPATH\Router\Router.php(205): CodeIgniter\Router\Router->autoRoute('productos')
 3 SYSTEMPATH\CodeIgniter.php(802): CodeIgniter\Router\Router->handle('productos')
 4 SYSTEMPATH\CodeIgniter.php(430): CodeIgniter\CodeIgniter->tryToRouteIt(Object(CodeIgniter\Router\RouteCollection))
 5 SYSTEMPATH\CodeIgniter.php(351): CodeIgniter\CodeIgniter->handleRequest(null, Object(Config\Cache), false)
 6 FCPATH\index.php(67): CodeIgniter\CodeIgniter->run()
CRITICAL - 2022-12-29 21:01:01 --> getimagesize(http://localhost/DP/public/images/logo.jpg): Failed to open stream: HTTP request failed! HTTP/1.1 404 Not Found

in APPPATH\ThirdParty\fpdf\fpdf.php on line 1238.
 1 [internal function]: CodeIgniter\Debug\Exceptions->errorHandler(2, 'getimagesize(http://localhost/DP/public/images/logo.jpg): Failed to open stream: HTTP request failed! HTTP/1.1 404 Not Found
', 'APPPATH\\ThirdParty\\fpdf\\fpdf.php', 1238)
 2 APPPATH\ThirdParty\fpdf\fpdf.php(1238): getimagesize('http://localhost/DP/public/images/logo.jpg')
 3 APPPATH\ThirdParty\fpdf\fpdf.php(885): FPDF->_parsejpg('http://localhost/DP/public/images/logo.jpg')
 4 APPPATH\Controllers\Productos.php(294): FPDF->Image('http://localhost/DP/public/images/logo.jpg', 180, 10, 25, 25, 'jpg')
 5 SYSTEMPATH\CodeIgniter.php(927): App\Controllers\Productos->generaProductosPdf()
 6 SYSTEMPATH\CodeIgniter.php(482): CodeIgniter\CodeIgniter->runController(Object(App\Controllers\Productos))
 7 SYSTEMPATH\CodeIgniter.php(351): CodeIgniter\CodeIgniter->handleRequest(null, Object(Config\Cache), false)
 8 FCPATH\index.php(67): CodeIgniter\CodeIgniter->run()
CRITICAL - 2022-12-29 22:14:09 --> syntax error, unexpected variable "$this", expecting "function" or "const"
in APPPATH\Controllers\Productos.php on line 261.
 1 SYSTEMPATH\Router\Router.php(499): CodeIgniter\Router\AutoRouter->getRoute('productos')
 2 SYSTEMPATH\Router\Router.php(205): CodeIgniter\Router\Router->autoRoute('productos')
 3 SYSTEMPATH\CodeIgniter.php(802): CodeIgniter\Router\Router->handle('productos')
 4 SYSTEMPATH\CodeIgniter.php(430): CodeIgniter\CodeIgniter->tryToRouteIt(Object(CodeIgniter\Router\RouteCollection))
 5 SYSTEMPATH\CodeIgniter.php(351): CodeIgniter\CodeIgniter->handleRequest(null, Object(Config\Cache), false)
 6 FCPATH\index.php(67): CodeIgniter\CodeIgniter->run()
CRITICAL - 2022-12-29 22:20:34 --> Call to undefined function imagecreate()
in APPPATH\Libraries\barcode.php on line 113.
 1 APPPATH\Controllers\Productos.php(250): barcode_genera->barcode('00001.png', '1234567890', 20, 'horizontal', 'code128', true)
 2 SYSTEMPATH\CodeIgniter.php(927): App\Controllers\Productos->generaBarras()
 3 SYSTEMPATH\CodeIgniter.php(482): CodeIgniter\CodeIgniter->runController(Object(App\Controllers\Productos))
 4 SYSTEMPATH\CodeIgniter.php(351): CodeIgniter\CodeIgniter->handleRequest(null, Object(Config\Cache), false)
 5 FCPATH\index.php(67): CodeIgniter\CodeIgniter->run()
